2024-06-18 15:51:16.466909 <WARNING> [SGDNSOverHTTPSSession] DoH HTTP error: Error Domain=SGErrorDomain Code=0 "Timeout" UserInfo={NSLocalizedDescription=Timeout}
2024-06-18 15:51:17.507658 <WARNING> [SGDNSOverHTTPSSession] DoH HTTP error: Error Domain=SGErrorDomain Code=0 "Timeout" UserInfo={NSLocalizedDescription=Timeout}
2024-06-18 15:51:19.538525 <WARNING> [SGDNSOverHTTPSSession] DoH HTTP error: Error Domain=SGErrorDomain Code=0 "Timeout" UserInfo={NSLocalizedDescription=Timeout}
2024-06-18 15:51:23.217047 <WARNING> [SGDNSClient] DNS query timeout: gateway.icloud.com.cn, last error: N/A
2024-06-18 15:51:23.674941 <WARNING> [SGDNSOverHTTPSSession] DoH HTTP error: Error Domain=SGErrorDomain Code=0 "Timeout" UserInfo={NSLocalizedDescription=Timeout}
2024-06-18 15:51:24.131723 <WARNING> [SGDNSOverHTTPSSession] DoH HTTP error: Error Domain=SGErrorDomain Code=0 "Timeout" UserInfo={NSLocalizedDescription=Timeout}
2024-06-18 15:51:24.306788 <WARNING> [SGConnectionSetupContext-121] Connection setup failed with error: Connection timeout (SGErrorDomain:7), ocsp.digicert.com:80
2024-06-18 15:51:24.308233 <WARNING> [SGDNSOverHTTPSSession] DoH HTTP error: Error Domain=SGErrorDomain Code=0 "Timeout" UserInfo={NSLocalizedDescription=Timeout}
2024-06-18 15:51:25.130587 <WARNING> [SGDNSClient] DNS query timeout: ocsp.digicert.com, last error: Timeout
2024-06-18 15:51:25.132037 <WARNING> [SGDirectConnector-93] DNS failed: ocsp.digicert.com, DNS lookup failed: Timeout
2024-06-18 15:51:25.133302 <WARNING> [SGConnectionSetupContext-123] Connection setup failed with error: DNS lookup failed: Timeout (SGErrorDomain:1), ocsp.digicert.com:80
2024-06-18 15:51:25.260654 <WARNING> [SGDNSOverHTTPSSession] DoH HTTP error: Error Domain=SGErrorDomain Code=0 "Timeout" UserInfo={NSLocalizedDescription=Timeout}
2024-06-18 15:51:26.141378 <WARNING> [SGDNSClient] DNS query timeout: kt-prod.ess.apple.com, last error: N/A
2024-06-18 15:51:26.142231 <WARNING> [SGDirectConnector-88] DNS failed: kt-prod.ess.apple.com, DNS lookup failed: Timeout
2024-06-18 15:51:26.142790 <WARNING> [SGConnectionSetupContext-122] Connection setup failed with error: DNS lookup failed: Timeout (SGErrorDomain:1), kt-prod.ess.apple.com:443
2024-06-18 15:51:26.294715 <WARNING> [SGDNSOverHTTPSSession] DoH HTTP error: Error Domain=SGErrorDomain Code=0 "Timeout" UserInfo={NSLocalizedDescription=Timeout}
2024-06-18 15:51:28.078726 <WARNING> [SGDNSOverHTTPSSession] DoH HTTP error: Error Domain=SGErrorDomain Code=0 "Timeout" UserInfo={NSLocalizedDescription=Timeout}
2024-06-18 15:51:28.375312 <WARNING> [SGDNSOverHTTPSSession] DoH HTTP error: Error Domain=SGErrorDomain Code=0 "Timeout" UserInfo={NSLocalizedDescription=Timeout}
2024-06-18 15:51:32.566906 <WARNING> [SGDNSOverHTTPSSession] DoH HTTP error: Error Domain=SGErrorDomain Code=0 "Timeout" UserInfo={NSLocalizedDescription=Timeout}
2024-06-18 15:51:35.179041 <WARNING> [SGDNSClient] DNS query timeout: ocsp.digicert.com, last error: N/A
2024-06-18 15:51:35.179835 <WARNING> [SGConnectionSetupContext-124] Connection setup failed with error: Connection timeout (SGErrorDomain:7), ocsp.digicert.com:80
2024-06-18 15:51:35.181125 <WARNING> [SGDNSOverHTTPSSession] DoH HTTP error: Error Domain=SGErrorDomain Code=0 "Timeout" UserInfo={NSLocalizedDescription=Timeout}
2024-06-18 15:51:36.177463 <WARNING> [SGConnectionSetupContext-125] Connection setup failed with error: Connection timeout (SGErrorDomain:7), kt-prod.ess.apple.com:443
2024-06-18 15:51:36.178090 <WARNING> [SGDNSOverHTTPSSession] DoH HTTP error: Error Domain=SGErrorDomain Code=0 "Timeout" UserInfo={NSLocalizedDescription=Timeout}
2024-06-18 15:51:37.134854 <WARNING> [SGDNSClient] DNS query timeout: kt-prod.ess.apple.com, last error: Timeout
2024-06-18 15:51:37.136252 <WARNING> [SGDirectConnector-102] DNS failed: kt-prod.ess.apple.com, DNS lookup failed: Timeout
2024-06-18 15:51:37.137463 <WARNING> [SGConnectionSetupContext-126] Connection setup failed with error: DNS lookup failed: Timeout (SGErrorDomain:1), kt-prod.ess.apple.com:443
2024-06-18 15:51:40.627037 <WARNING> [SGDNSOverHTTPSSession] DoH HTTP error: Error Domain=SGErrorDomain Code=0 "Timeout" UserInfo={NSLocalizedDescription=Timeout}
2024-06-18 15:51:44.239833 <WARNING> [SGDNSClient] DNS query timeout: kt-prod.ess.apple.com, last error: N/A
2024-06-18 15:51:44.243523 <WARNING> [SGDirectConnector-104] DNS failed: kt-prod.ess.apple.com, DNS lookup failed: Timeout
2024-06-18 15:51:44.247059 <WARNING> [SGConnectionSetupContext-127] Connection setup failed with error: DNS lookup failed: Timeout (SGErrorDomain:1), kt-prod.ess.apple.com:443
2024-06-18 15:51:47.174179 <WARNING> [SGDNSOverHTTPSSession] DoH HTTP error: Error Domain=SGErrorDomain Code=0 "Timeout" UserInfo={NSLocalizedDescription=Timeout}
2024-06-18 15:51:47.337343 <WARNING> [SGDNSOverHTTPSSession] DoH HTTP error: Error Domain=SGErrorDomain Code=0 "Timeout" UserInfo={NSLocalizedDescription=Timeout}
2024-06-18 15:51:48.378210 <WARNING> [SGDNSOverHTTPSSession] DoH HTTP error: Error Domain=SGErrorDomain Code=0 "Timeout" UserInfo={NSLocalizedDescription=Timeout}
2024-06-18 15:51:50.421592 <WARNING> [SGDNSOverHTTPSSession] DoH HTTP error: Error Domain=SGErrorDomain Code=0 "Timeout" UserInfo={NSLocalizedDescription=Timeout}
2024-06-18 15:51:51.389077 <WARNING> [SGDNSClient] DNS query timeout: kt-prod.ess.apple.com, last error: N/A
2024-06-18 15:51:51.390724 <WARNING> [SGDirectConnector-109] DNS failed: kt-prod.ess.apple.com, DNS lookup failed: Timeout
2024-06-18 15:51:51.391796 <WARNING> [SGConnectionSetupContext-128] Connection setup failed with error: DNS lookup failed: Timeout (SGErrorDomain:1), kt-prod.ess.apple.com:443
2024-06-18 15:51:54.325053 <WARNING> [SGDNSOverHTTPSSession] DoH HTTP error: Error Domain=SGErrorDomain Code=0 "Timeout" UserInfo={NSLocalizedDescription=Timeout}
2024-06-18 15:51:54.525362 <WARNING> [SGDNSOverHTTPSSession] DoH HTTP error: Error Domain=SGErrorDomain Code=0 "Timeout" UserInfo={NSLocalizedDescription=Timeout}
2024-06-18 15:51:57.783003 <WARNING> [_SGHTTPClientSiteSession] HTTP client error: Error Domain=SGErrorDomain Code=0 "Master connection closed: Socket closed by remote peer (SGSocketErrorDomain:6)" UserInfo={NSLocalizedDescription=Master connection closed: Socket closed by remote peer (SGSocketErrorDomain:6)}
2024-06-18 15:51:57.785595 <WARNING> [SGDNSOverHTTPSSession] DoH HTTP error: Error Domain=SGErrorDomain Code=0 "Master connection closed: Socket closed by remote peer (SGSocketErrorDomain:6)" UserInfo={NSLocalizedDescription=Master connection closed: Socket closed by remote peer (SGSocketErrorDomain:6)}
2024-06-18 15:51:57.786182 <WARNING> [SGDNSOverHTTPSSession] DoH HTTP error: Error Domain=SGErrorDomain Code=0 "Master connection closed: Socket closed by remote peer (SGSocketErrorDomain:6)" UserInfo={NSLocalizedDescription=Master connection closed: Socket closed by remote peer (SGSocketErrorDomain:6)}
2024-06-18 15:51:57.786829 <WARNING> [SGDNSOverHTTPSSession] DoH HTTP error: Error Domain=SGErrorDomain Code=0 "Master connection closed: Socket closed by remote peer (SGSocketErrorDomain:6)" UserInfo={NSLocalizedDescription=Master connection closed: Socket closed by remote peer (SGSocketErrorDomain:6)}
2024-06-18 15:51:57.787314 <WARNING> [SGDNSOverHTTPSSession] DoH HTTP error: Error Domain=SGErrorDomain Code=0 "Master connection closed: Socket closed by remote peer (SGSocketErrorDomain:6)" UserInfo={NSLocalizedDescription=Master connection closed: Socket closed by remote peer (SGSocketErrorDomain:6)}
2024-06-18 15:51:58.469698 <WARNING> [SGDNSClient] DNS query timeout: kt-prod.ess.apple.com, last error: Master connection closed: Socket closed by remote peer (SGSocketErrorDomain:6)
2024-06-18 15:51:58.470443 <WARNING> [SGDirectConnector-112] DNS failed: kt-prod.ess.apple.com, DNS lookup failed: Master connection closed: Socket closed by remote peer (SGSocketErrorDomain:6)
2024-06-18 15:51:58.470910 <WARNING> [SGConnectionSetupContext-129] Connection setup failed with error: DNS lookup failed: Master connection closed: Socket closed by remote peer (SGSocketErrorDomain:6) (SGErrorDomain:1), kt-prod.ess.apple.com:443
2024-06-18 16:17:56.630863 <WARNING> [SGDNSClient] DNS query timeout: bag.itunes.apple.com, last error: N/A
2024-06-18 16:17:56.633993 <WARNING> [SGDNSClient] DNS query timeout: cn-api.qweather.com, last error: N/A
2024-06-18 16:17:56.637199 <WARNING> [SGDNSClient] DNS query timeout: entitlements.itunes.apple.com, last error: N/A
2024-06-18 16:17:56.637941 <WARNING> [SGDNSOverHTTPSSession] DoH HTTP error: Error Domain=SGErrorDomain Code=0 "Timeout" UserInfo={NSLocalizedDescription=Timeout}
2024-06-18 16:17:57.241955 <WARNING> [SGDNSOverHTTPSSession] DoH HTTP error: Error Domain=SGErrorDomain Code=0 "Timeout" UserInfo={NSLocalizedDescription=Timeout}
2024-06-18 16:17:57.288164 <WARNING> [SGDNSOverHTTPSSession] DoH HTTP error: Error Domain=SGErrorDomain Code=0 "Timeout" UserInfo={NSLocalizedDescription=Timeout}
2024-06-18 16:17:57.637287 <WARNING> [SGDNSClient] DNS query timeout: gateway.icloud.com.cn, last error: N/A
2024-06-18 16:17:58.594531 <WARNING> [SGDNSOverHTTPSSession] DoH HTTP error: Error Domain=SGErrorDomain Code=0 "Timeout" UserInfo={NSLocalizedDescription=Timeout}
2024-06-18 16:17:59.640370 <WARNING> [SGDNSClient] DNS query timeout: ocsp.digicert.cn, last error: N/A
2024-06-18 16:17:59.641859 <WARNING> [SGDirectConnector-144] DNS failed: ocsp.digicert.cn, DNS lookup failed: Timeout
2024-06-18 16:17:59.642957 <WARNING> [SGConnectionSetupContext-160] Connection setup failed with error: DNS lookup failed: Timeout (SGErrorDomain:1), ocsp.digicert.cn:80
2024-06-18 16:17:59.694988 <WARNING> [SGDNSOverHTTPSSession] DoH HTTP error: Error Domain=SGErrorDomain Code=0 "Timeout" UserInfo={NSLocalizedDescription=Timeout}
2024-06-18 16:18:06.649573 <WARNING> [SGDNSOverHTTPSSession] DoH HTTP error: Error Domain=SGErrorDomain Code=0 "Timeout" UserInfo={NSLocalizedDescription=Timeout}
2024-06-18 16:20:18.535260 <WARNING> [SGDNSOverHTTPSSession] DoH HTTP error: Error Domain=SGErrorDomain Code=0 "Timeout" UserInfo={NSLocalizedDescription=Timeout}
2024-06-18 16:20:20.498982 <WARNING> [SGDNSClient] DNS query timeout: ocsp.digicert.cn, last error: Timeout
2024-06-18 16:20:20.501111 <WARNING> [SGDirectConnector-150] DNS failed: ocsp.digicert.cn, DNS lookup failed: Timeout
2024-06-18 16:20:20.502196 <WARNING> [SGConnectionSetupContext-163] Connection setup failed with error: DNS lookup failed: Timeout (SGErrorDomain:1), ocsp.digicert.cn:80
2024-06-18 16:20:23.511675 <WARNING> [SGDNSClient] DNS query timeout: gsp10-ssl-cn.ls.apple.com, last error: N/A
2024-06-18 16:20:24.031693 <WARNING> [SGDNSOverHTTPSSession] DoH HTTP error: Error Domain=SGErrorDomain Code=0 "Timeout" UserInfo={NSLocalizedDescription=Timeout}
2024-06-18 16:20:32.540079 <WARNING> [SGDNSClient] DNS query timeout: tjsedht.cfprefer1.xyz, last error: N/A
2024-06-18 16:20:33.523323 <WARNING> [SGDNSOverHTTPSSession] DoH HTTP error: Error Domain=SGErrorDomain Code=0 "Timeout" UserInfo={NSLocalizedDescription=Timeout}
2024-06-18 16:20:51.693992 <WARNING> [_SGHTTPClientSiteSession-4] HTTP client error: Error Domain=SGErrorDomain Code=0 "Master connection closed: Socket closed by remote peer (SGSocketErrorDomain:6)" UserInfo={NSLocalizedDescription=Master connection closed: Socket closed by remote peer (SGSocketErrorDomain:6)}
2024-06-18 16:25:01.835340 <NOTIFY> [PacketTunnelProvider] Profile file changed
2024-06-18 16:30:00.886922 <WARNING> [_SGHTTPClientSiteSession-5] HTTP client error: Error Domain=SGErrorDomain Code=0 "Master connection closed: Socket closed by remote peer (SGSocketErrorDomain:6)" UserInfo={NSLocalizedDescription=Master connection closed: Socket closed by remote peer (SGSocketErrorDomain:6)}
2024-06-18 16:30:00.892378 <WARNING> [SGDNSOverHTTPSSession] DoH HTTP error: Error Domain=SGErrorDomain Code=0 "Master connection closed: Socket closed by remote peer (SGSocketErrorDomain:6)" UserInfo={NSLocalizedDescription=Master connection closed: Socket closed by remote peer (SGSocketErrorDomain:6)}
2024-06-18 16:30:00.892712 <WARNING> [SGDNSOverHTTPSSession] DoH HTTP error: Error Domain=SGErrorDomain Code=0 "Master connection closed: Socket closed by remote peer (SGSocketErrorDomain:6)" UserInfo={NSLocalizedDescription=Master connection closed: Socket closed by remote peer (SGSocketErrorDomain:6)}
2024-06-18 16:30:08.545905 <WARNING> [SGDNSClient] DNS query timeout: bag.itunes.apple.com, last error: Master connection closed: Socket closed by remote peer (SGSocketErrorDomain:6)
2024-06-18 16:30:08.549083 <WARNING> [SGDNSClient] DNS query timeout: gateway.icloud.com.cn, last error: Master connection closed: Socket closed by remote peer (SGSocketErrorDomain:6)
